<?xml version="1.0" encoding="UTF-8"?>
<!-- Generated by org.testng.reporters.JUnitReportReporter -->
<testsuite hostname="LAPTOP-CQL946G0" failures="0" tests="1" name="robot.DownloadingDemo" time="6.978" errors="0" timestamp="2024-07-03T09:34:16 IST" skipped="0">
  <testcase classname="robot.DownloadingDemo" name="downloadOperation" time="6.978"/>
  <system-out/>
</testsuite> <!-- robot.DownloadingDemo -->
