<?xml version="1.0" encoding="UTF-8"?>
<!-- Generated by org.testng.reporters.JUnitReportReporter -->
<testsuite hostname="LAPTOP-CQL946G0" failures="0" tests="3" name="TestNG.DataProviderDemo" time="22.236" errors="0" timestamp="2024-06-22T09:56:03 IST" skipped="0">
  <testcase classname="TestNG.DataProviderDemo" name="loginOperation" time="7.389"/>
  <system-out/>
  <testcase classname="TestNG.DataProviderDemo" name="loginOperation" time="7.212"/>
  <system-out/>
  <testcase classname="TestNG.DataProviderDemo" name="loginOperation" time="7.635"/>
  <system-out/>
</testsuite> <!-- TestNG.DataProviderDemo -->
