<?xml version="1.0" encoding="UTF-8"?>
<!-- Generated by org.testng.reporters.JUnitReportReporter -->
<testsuite hostname="LAPTOP-CQL946G0" failures="0" tests="1" name="propertyFile.PropertyFileDemo" time="0.646" errors="0" timestamp="2024-06-26T10:17:59 IST" skipped="0">
  <testcase classname="propertyFile.PropertyFileDemo" name="loginOperation" time="0.646"/>
  <system-out/>
</testsuite> <!-- propertyFile.PropertyFileDemo -->
