<?xml version="1.0" encoding="UTF-8"?>
<!-- Generated by org.testng.reporters.JUnitReportReporter -->
<testsuite hostname="LAPTOP-CQL946G0" failures="0" tests="2" name="apachePoi.LoginTest" time="1.841" errors="0" timestamp="2024-06-26T09:54:17 IST" skipped="0">
  <testcase classname="apachePoi.LoginTest" name="loginOperation" time="1.552"/>
  <system-out/>
  <testcase classname="apachePoi.LoginTest" name="loginValidation" time="0.289"/>
  <system-out/>
</testsuite> <!-- apachePoi.LoginTest -->
