<?xml version="1.0" encoding="UTF-8"?>
<!-- Generated by org.testng.reporters.JUnitReportReporter -->
<testsuite hostname="LAPTOP-CQL946G0" failures="0" tests="1" name="autoit.UploadingTest" time="25.092" errors="0" timestamp="2024-07-03T10:15:11 IST" skipped="0">
  <testcase classname="autoit.UploadingTest" name="uploadOperation" time="25.092"/>
  <system-out/>
</testsuite> <!-- autoit.UploadingTest -->
