<?xml version="1.0" encoding="UTF-8"?>
<!-- Generated by org.testng.reporters.JUnitReportReporter -->
<testsuite hostname="LAPTOP-CQL946G0" failures="0" tests="1" name="autoit.DownloadingTest" time="8.098" errors="0" timestamp="2024-07-04T09:33:27 IST" skipped="0">
  <testcase classname="autoit.DownloadingTest" name="uploadOperation" time="8.098"/>
  <system-out/>
</testsuite> <!-- autoit.DownloadingTest -->
