<?xml version="1.0" encoding="UTF-8"?>
<!-- Generated by org.testng.reporters.JUnitReportReporter -->
<testsuite hostname="LAPTOP-CQL946G0" failures="0" tests="1" name="robot.UploadingDemo" time="27.843" errors="0" timestamp="2024-07-02T10:03:03 IST" skipped="0">
  <testcase classname="robot.UploadingDemo" name="uploadOperation" time="27.843"/>
  <system-out/>
</testsuite> <!-- robot.UploadingDemo -->
