<?xml version="1.0" encoding="UTF-8"?>
<!-- Generated by org.testng.reporters.JUnitReportReporter -->
<testsuite hostname="LAPTOP-CQL946G0" failures="0" tests="1" name="apachePoi.Demo" time="0.867" errors="0" timestamp="2024-06-25T10:43:08 IST" skipped="0">
  <testcase classname="apachePoi.Demo" name="test" time="0.867"/>
  <system-out/>
</testsuite> <!-- apachePoi.Demo -->
