<?xml version="1.0" encoding="UTF-8"?>
<!-- Generated by org.testng.reporters.JUnitReportReporter -->
<testsuite hostname="LAPTOP-CQL946G0" failures="0" tests="1" name="cookies.CookieDemo" time="0.202" errors="0" timestamp="2024-07-01T10:10:45 IST" skipped="0">
  <testcase classname="cookies.CookieDemo" name="singleFrameOperation" time="0.202"/>
  <system-out/>
</testsuite> <!-- cookies.CookieDemo -->
