<?xml version="1.0" encoding="UTF-8"?>
<!-- Generated by org.testng.reporters.JUnitReportReporter -->
<testsuite hostname="LAPTOP-CQL946G0" failures="0" tests="2" name="TestNG.TestngAnnotationsDemo" time="0.025" errors="0" timestamp="2024-06-22T10:03:31 IST" skipped="0">
  <testcase classname="TestNG.TestngAnnotationsDemo" name="display2" time="0.015"/>
  <system-out/>
  <testcase classname="TestNG.TestngAnnotationsDemo" name="display1" time="0.010"/>
  <system-out/>
</testsuite> <!-- TestNG.TestngAnnotationsDemo -->
