<?xml version="1.0" encoding="UTF-8"?>
<!-- Generated by org.testng.reporters.JUnitReportReporter -->
<testsuite hostname="LAPTOP-CQL946G0" failures="0" tests="1" name="webTable.DynamicTable" time="10.689" errors="0" timestamp="2024-07-01T09:45:05 IST" skipped="0">
  <testcase classname="webTable.DynamicTable" name="singleFrameOperation" time="10.689"/>
  <system-out/>
</testsuite> <!-- webTable.DynamicTable -->
