<?xml version="1.0" encoding="UTF-8"?>
<!-- Generated by org.testng.reporters.JUnitReportReporter -->
<testsuite hostname="LAPTOP-CQL946G0" failures="0" tests="1" name="waits.WaitsDemo" time="1.669" errors="0" timestamp="2024-07-05T10:11:26 IST" skipped="0">
  <testcase classname="waits.WaitsDemo" name="uploadOperation" time="1.669"/>
  <system-out/>
</testsuite> <!-- waits.WaitsDemo -->
