<?xml version="1.0" encoding="UTF-8"?>
<!-- Generated by org.testng.reporters.JUnitReportReporter -->
<testsuite hostname="LAPTOP-CQL946G0" failures="0" tests="1" name="sikuli.UploadingFile" time="22.952" errors="1" timestamp="2024-07-04T10:10:10 IST" skipped="0">
  <testcase classname="sikuli.UploadingFile" name="uploadOperation" time="22.952">
    <error message="D:/sikuliscreenshots/newfileupload.png: (1413x33) in S(0)[0,0 1536x864] E:Y, T:3.0" type="org.sikuli.script.FindFailed">
      <![CDATA[FindFailed: D:/sikuliscreenshots/newfileupload.png: (1413x33) in S(0)[0,0 1536x864] E:Y, T:3.0
  Line 2761, in file Region.java

at org.sikuli.script.Region.wait(Region.java:2761)
at org.sikuli.script.Region.find(Region.java:2326)
at org.sikuli.script.Region.getLocationFromTarget(Region.java:3220)
at org.sikuli.script.Region.click(Region.java:3718)
at org.sikuli.script.Region.keyin(Region.java:4396)
at org.sikuli.script.Region.type(Region.java:4359)
at sikuli.UploadingFile.uploadOperation(UploadingFile.java:44)
at java.base/jdk.internal.reflect.DirectMethodHandleAccessor.invoke(DirectMethodHandleAccessor.java:103)
at java.base/java.lang.reflect.Method.invoke(Method.java:580)
at org.testng.internal.invokers.MethodInvocationHelper.invokeMethod(MethodInvocationHelper.java:139)
at org.testng.internal.invokers.TestInvoker.invokeMethod(TestInvoker.java:677)
at org.testng.internal.invokers.TestInvoker.invokeTestMethod(TestInvoker.java:221)
at org.testng.internal.invokers.MethodRunner.runInSequence(MethodRunner.java:50)
at org.testng.internal.invokers.TestInvoker$MethodInvocationAgent.invoke(TestInvoker.java:969)
at org.testng.internal.invokers.TestInvoker.invokeTestMethods(TestInvoker.java:194)
at org.testng.internal.invokers.TestMethodWorker.invokeTestMethods(TestMethodWorker.java:148)
at org.testng.internal.invokers.TestMethodWorker.run(TestMethodWorker.java:128)
at java.base/java.util.ArrayList.forEach(ArrayList.java:1596)
at org.testng.TestRunner.privateRun(TestRunner.java:829)
at org.testng.TestRunner.run(TestRunner.java:602)
at org.testng.SuiteRunner.runTest(SuiteRunner.java:437)
at org.testng.SuiteRunner.runSequentially(SuiteRunner.java:431)
at org.testng.SuiteRunner.privateRun(SuiteRunner.java:391)
at org.testng.SuiteRunner.run(SuiteRunner.java:330)
at org.testng.SuiteRunnerWorker.runSuite(SuiteRunnerWorker.java:52)
at org.testng.SuiteRunnerWorker.run(SuiteRunnerWorker.java:95)
at org.testng.TestNG.runSuitesSequentially(TestNG.java:1256)
at org.testng.TestNG.runSuitesLocally(TestNG.java:1176)
at org.testng.TestNG.runSuites(TestNG.java:1099)
at org.testng.TestNG.run(TestNG.java:1067)
at org.testng.remote.AbstractRemoteTestNG.run(AbstractRemoteTestNG.java:115)
at org.testng.remote.RemoteTestNG.initAndRun(RemoteTestNG.java:251)
at org.testng.remote.RemoteTestNG.main(RemoteTestNG.java:77)
]]>
    </error>
  </testcase> <!-- uploadOperation -->
  <system-out/>
</testsuite> <!-- sikuli.UploadingFile -->
